<?xml version="1.0" encoding="UTF-8"?>
<testng-results ignored="0" total="1" passed="1" failed="0" skipped="0">
  <reporter-output>
  </reporter-output>
  <suite started-at="2021-06-22T16:41:09 IST" name="Default suite" finished-at="2021-06-22T16:42:29 IST" duration-ms="80578">
    <groups>
    </groups>
    <test started-at="2021-06-22T16:41:09 IST" name="Default test" finished-at="2021-06-22T16:42:29 IST" duration-ms="80578">
      <class name="cases.TCOO3">
        <test-method signature="openbrowser()[pri:0, instance:cases.TCOO3@505fc5a4]" started-at="2021-06-22T16:41:09 IST" name="openbrowser" finished-at="2021-06-22T16:42:29 IST" duration-ms="80490" status="PASS">
          <reporter-output>
          </reporter-output>
        </test-method> <!-- openbrowser -->
      </class> <!-- cases.TCOO3 -->
    </test> <!-- Default test -->
  </suite> <!-- Default suite -->
</testng-results>
